[16:42:43] [ServerMain/INFO]: Environment: Environment[sessionHost=https://sessionserver.mojang.com, servicesHost=https://api.minecraftservices.com, name=PROD]
[16:42:44] [ServerMain/INFO]: Loaded 7 recipes
[16:42:44] [ServerMain/INFO]: Loaded 1271 advancements
[16:42:45] [Server thread/INFO]: Starting minecraft server version 1.20.4
[16:42:45] [Server thread/INFO]: Loading properties
[16:42:45] [Server thread/INFO]: Default game type: SURVIVAL
[16:42:45] [Server thread/INFO]: Generating keypair
[16:42:45] [Server thread/INFO]: Starting Minecraft server on *:25565
[16:42:45] [Server thread/INFO]: Using epoll channel type
[16:42:45] [Server thread/WARN]: **** SERVER IS RUNNING IN OFFLINE/INSECURE MODE!
[16:42:45] [Server thread/WARN]: The server will make no attempt to authenticate usernames. Beware.
[16:42:45] [Server thread/WARN]: While this makes the game possible to play without internet access, it also opens up the ability for hackers to connect with any username they choose.
[16:42:45] [Server thread/WARN]: To change this, set "online-mode" to "true" in the server.properties file.
[16:42:45] [Server thread/INFO]: Preparing level "world"
[16:42:48] [Server thread/INFO]: Preparing start region for dimension minecraft:overworld
[16:42:51] [Worker-Main-1/INFO]: Preparing spawn area: 0%
[16:42:51] [Worker-Main-1/INFO]: Preparing spawn area: 0%
[16:42:51] [Worker-Main-1/INFO]: Preparing spawn area: 0%
[16:42:51] [Worker-Main-2/INFO]: Preparing spawn area: 0%
[16:42:51] [Worker-Main-1/INFO]: Preparing spawn area: 0%
[16:42:51] [Worker-Main-1/INFO]: Preparing spawn area: 0%
[16:42:51] [Worker-Main-3/INFO]: Preparing spawn area: 0%
[16:42:52] [Worker-Main-2/INFO]: Preparing spawn area: 0%
[16:42:52] [Worker-Main-2/INFO]: Preparing spawn area: 55%
[16:42:53] [Server thread/INFO]: Time elapsed: 4285 ms
[16:42:53] [Server thread/INFO]: Done (7.283s)! For help, type "help"
[16:43:54] [Server thread/INFO]: ddednkald[/127.7.142.236:60101] logged in with entity id 87 at (3076.960190621943, 104.0, 3693.1784022415027)
[16:43:54] [Server thread/INFO]: ddednkald joined the game
[16:48:55] [Server thread/WARN]: Mismatch in destroy block pos: hx{x=3038, y=103, z=3674} hx{x=3037, y=101, z=3675}
[16:48:55] [Server thread/WARN]: Mismatch in destroy block pos: hx{x=3038, y=103, z=3674} hx{x=3037, y=101, z=3675}
[16:48:55] [Server thread/WARN]: Mismatch in destroy block pos: hx{x=3038, y=103, z=3674} hx{x=3037, y=101, z=3675}
[16:48:55] [Server thread/WARN]: Mismatch in destroy block pos: hx{x=3038, y=103, z=3674} hx{x=3037, y=101, z=3675}
[16:50:25] [Server thread/INFO]: [Not Secure] <ddednkald> w
